<?xml version="1.0" encoding="UTF-8"?>
<!-- Generated by org.testng.reporters.JUnitXMLReporter -->
<testsuite hostname="EPINHYDW1414" ignored="1" name="HtmlUnitTest" tests="3" failures="1" timestamp="18 Nov 2019 13:04:28 GMT" time="13.052" errors="0">
  <testcase name="@AfterMethod fail" time="0.002" classname="tests.Headless">
    <failure type="java.lang.ClassCastException" message="org.openqa.selenium.htmlunit.HtmlUnitDriver cannot be cast to org.openqa.selenium.TakesScreenshot">
      <![CDATA[java.lang.ClassCastException: org.openqa.selenium.htmlunit.HtmlUnitDriver cannot be cast to org.openqa.selenium.TakesScreenshot
at report.ScreenshotFailed.getScreenshot(ScreenshotFailed.java:24)
at tests.Headless.fail(Headless.java:53)
at java.util.concurrent.FutureTask.run(Unknown Source)
at java.util.concurrent.ThreadPoolExecutor.runWorker(Unknown Source)
at java.util.concurrent.ThreadPoolExecutor$Worker.run(Unknown Source)
at java.lang.Thread.run(Unknown Source)
... Removed 19 stack frames]]>
    </failure>
  </testcase> <!-- @AfterMethod fail -->
  <testcase name="getProfileTest" time="2.277" classname="tests.Headless">
    <failure type="java.lang.StringIndexOutOfBoundsException" message="start &amp;gt; length()">
      <![CDATA[java.lang.StringIndexOutOfBoundsException: start > length()
at java.lang.AbstractStringBuilder.replace(Unknown Source)
at java.lang.StringBuilder.replace(Unknown Source)
at com.gargoylesoftware.htmlunit.html.DoTypeProcessor.add(DoTypeProcessor.java:138)
at com.gargoylesoftware.htmlunit.html.DoTypeProcessor.doType(DoTypeProcessor.java:123)
at com.gargoylesoftware.htmlunit.html.HtmlEmailInput.doType(HtmlEmailInput.java:138)
at com.gargoylesoftware.htmlunit.html.HtmlElement.type(HtmlElement.java:551)
at com.gargoylesoftware.htmlunit.html.HtmlElement.type(HtmlElement.java:648)
at org.openqa.selenium.htmlunit.HtmlUnitKeyboard.sendKeys(HtmlUnitKeyboard.java:89)
at org.openqa.selenium.htmlunit.HtmlUnitKeyboard.sendKeys(HtmlUnitKeyboard.java:58)
at org.openqa.selenium.htmlunit.HtmlUnitDriver.lambda$sendKeys$7(HtmlUnitDriver.java:478)
at org.openqa.selenium.htmlunit.HtmlUnitDriver.lambda$runAsync$0(HtmlUnitDriver.java:429)
at java.util.concurrent.ThreadPoolExecutor.runWorker(Unknown Source)
at java.util.concurrent.ThreadPoolExecutor$Worker.run(Unknown Source)
at java.lang.Thread.run(Unknown Source)
]]>
    </failure>
  </testcase> <!-- getProfileTest -->
  <testcase name="selectMobile" time="0.0" classname="tests.Headless">
    <skipped/>
  </testcase> <!-- selectMobile -->
  <testcase name="cart" time="0.0" classname="tests.Headless">
    <skipped/>
  </testcase> <!-- cart -->
  <testcase name="nothingtodo" time="0.0" classname="basetest.ExtentReportsBaseTest">
    <ignored/>
  </testcase> <!-- nothingtodo -->
</testsuite> <!-- HtmlUnitTest -->
