<?xml version="1.0" encoding="UTF-8"?>
<!-- Generated by org.testng.reporters.JUnitXMLReporter -->
<testsuite hostname="EPINHYDW1414" ignored="1" name="FireFoxTest_HEADLESS" tests="3" failures="0" timestamp="18 Nov 2019 14:14:06 GMT" time="14.834" errors="0">
  <testcase name="@BeforeTest homepagesetup" time="0.015" classname="tests.Headless">
    <failure type="java.lang.NoClassDefFoundError" message="org/openqa/selenium/WrapsElement">
      <![CDATA[java.lang.NoClassDefFoundError: org/openqa/selenium/WrapsElement
at org.openqa.selenium.support.pagefactory.DefaultFieldDecorator.proxyForLocator(DefaultFieldDecorator.java:101)
at org.openqa.selenium.support.pagefactory.DefaultFieldDecorator.decorate(DefaultFieldDecorator.java:62)
at org.openqa.selenium.support.PageFactory.proxyFields(PageFactory.java:113)
at org.openqa.selenium.support.PageFactory.initElements(PageFactory.java:105)
at org.openqa.selenium.support.PageFactory.initElements(PageFactory.java:92)
at org.openqa.selenium.support.PageFactory.initElements(PageFactory.java:79)
at org.openqa.selenium.support.PageFactory.initElements(PageFactory.java:65)
at tests.Headless.homepagesetup(Headless.java:36)
at java.util.concurrent.FutureTask.run(FutureTask.java:266)
at java.util.concurrent.ThreadPoolExecutor.runWorker(ThreadPoolExecutor.java:1149)
at java.util.concurrent.ThreadPoolExecutor$Worker.run(ThreadPoolExecutor.java:624)
at java.lang.Thread.run(Thread.java:748)
Caused by: java.lang.ClassNotFoundException: org.openqa.selenium.WrapsElement
at java.net.URLClassLoader.findClass(URLClassLoader.java:382)
at java.lang.ClassLoader.loadClass(ClassLoader.java:424)
at sun.misc.Launcher$AppClassLoader.loadClass(Launcher.java:349)
at java.lang.ClassLoader.loadClass(ClassLoader.java:357)
... 27 more
... Removed 15 stack frames]]>
    </failure>
  </testcase> <!-- @BeforeTest homepagesetup -->
  <testcase name="@BeforeClass initLogger" time="0.0" classname="tests.Headless">
    <skipped/>
  </testcase> <!-- @BeforeClass initLogger -->
  <testcase name="@AfterMethod fail" time="0.0" classname="tests.Headless">
    <skipped/>
  </testcase> <!-- @AfterMethod fail -->
  <testcase name="getProfileTest" time="0.0" classname="tests.Headless">
    <skipped/>
  </testcase> <!-- getProfileTest -->
  <testcase name="selectMobile" time="0.0" classname="tests.Headless">
    <skipped/>
  </testcase> <!-- selectMobile -->
  <testcase name="cart" time="0.0" classname="tests.Headless">
    <skipped/>
  </testcase> <!-- cart -->
  <testcase name="nothingtodo" time="0.0" classname="basetest.ExtentReportsBaseTest">
    <ignored/>
  </testcase> <!-- nothingtodo -->
</testsuite> <!-- FireFoxTest_HEADLESS -->
