<!DOCTYPE html PUBLIC "-//W3C//DTD XHTML 1.1//EN" "http://www.w3.org/TR/xhtml11/DTD/xhtml11.dtd">
<html xmlns="http://www.w3.org/1999/xhtml">
<head>
<meta http-equiv="content-type" content="text/html; charset=UTF-8"/>
<title>TestNG Report</title>
<style type="text/css">table {margin-bottom:10px;border-collapse:collapse;empty-cells:show}th,td {border:1px solid #009;padding:.25em .5em}th {vertical-align:bottom}td {vertical-align:top}table a {font-weight:bold}.stripe td {background-color: #E6EBF9}.num {text-align:right}.passedodd td {background-color: #3F3}.passedeven td {background-color: #0A0}.skippedodd td {background-color: #DDD}.skippedeven td {background-color: #CCC}.failedodd td,.attn {background-color: #F33}.failedeven td,.stripe .attn {background-color: #D00}.stacktrace {white-space:pre;font-family:monospace}.totop {font-size:85%;text-align:center;border-bottom:2px solid #000}.invisible {display:none}</style>
</head>
<body>
<table>
<tr><th>Test</th><th># Passed</th><th># Skipped</th><th># Failed</th><th>Time (ms)</th><th>Included Groups</th><th>Excluded Groups</th></tr>
<tr><th colspan="7">TESTNG</th></tr>
<tr><td><a href="#t0">FirefoxTest_TESTNG</a></td><td class="num">0</td><td class="num attn">3</td><td class="num">0</td><td class="num">37,646</td><td></td><td></td></tr>
<tr class="stripe"><td><a href="#t1">OperaTest_TESTNG</a></td><td class="num">0</td><td class="num attn">3</td><td class="num">0</td><td class="num">48,065</td><td></td><td></td></tr>
<tr><td><a href="#t2">ChromeTest_TESTNG</a></td><td class="num">0</td><td class="num attn">3</td><td class="num">0</td><td class="num">48,103</td><td></td><td></td></tr>
<tr><th>Total</th><th class="num">0</th><th class="num attn">9</th><th class="num">0</th><th class="num">133,814</th><th colspan="2"></th></tr>
</table>
<table id='summary'><thead><tr><th>Class</th><th>Method</th><th>Start</th><th>Time (ms)</th></tr></thead><tbody><tr><th colspan="4">TESTNG</th></tr></tbody><tbody id="t0"><tr><th colspan="4">FirefoxTest_TESTNG &#8212; failed (configuration methods)</th></tr><tr class="failedeven"><td rowspan="1">tests.SmartWatch</td><td><a href="#m0">homepagesetup</a></td><td rowspan="1">1574086510070</td><td rowspan="1">18</td></tr><tr><th colspan="4">FirefoxTest_TESTNG &#8212; skipped (configuration methods)</th></tr><tr class="skippedeven"><td rowspan="2">tests.SmartWatch</td><td><a href="#m1">fail</a></td><td rowspan="1">1574086510110</td><td rowspan="1">0</td></tr><tr class="skippedeven"><td><a href="#m2">initLogger</a></td><td rowspan="1">1574086510104</td><td rowspan="1">0</td></tr><tr><th colspan="4">FirefoxTest_TESTNG &#8212; skipped</th></tr><tr class="skippedeven"><td rowspan="3">tests.SmartWatch</td><td><a href="#m3">cart</a></td><td rowspan="1">1574086510111</td><td rowspan="1">0</td></tr><tr class="skippedeven"><td><a href="#m4">getProfileTest</a></td><td rowspan="1">1574086510110</td><td rowspan="1">0</td></tr><tr class="skippedeven"><td><a href="#m5">selectMobile</a></td><td rowspan="1">1574086510111</td><td rowspan="1">0</td></tr></tbody>
<tbody id="t1"><tr><th colspan="4">OperaTest_TESTNG &#8212; failed (configuration methods)</th></tr><tr class="failedeven"><td rowspan="1">tests.SmartWatch</td><td><a href="#m6">homepagesetup</a></td><td rowspan="1">1574086520526</td><td rowspan="1">1</td></tr><tr><th colspan="4">OperaTest_TESTNG &#8212; skipped (configuration methods)</th></tr><tr class="skippedeven"><td rowspan="3">tests.SmartWatch</td><td><a href="#m7">fail</a></td><td rowspan="1">1574086520529</td><td rowspan="1">0</td></tr><tr class="skippedeven"><td><a href="#m8">initLogger</a></td><td rowspan="1">1574086520528</td><td rowspan="1">0</td></tr><tr class="skippedeven"><td><a href="#m9">release</a></td><td rowspan="1">1574086521211</td><td rowspan="1">0</td></tr><tr><th colspan="4">OperaTest_TESTNG &#8212; skipped</th></tr><tr class="skippedeven"><td rowspan="3">tests.SmartWatch</td><td><a href="#m10">cart</a></td><td rowspan="1">1574086520530</td><td rowspan="1">0</td></tr><tr class="skippedeven"><td><a href="#m11">getProfileTest</a></td><td rowspan="1">1574086520529</td><td rowspan="1">0</td></tr><tr class="skippedeven"><td><a href="#m12">selectMobile</a></td><td rowspan="1">1574086520529</td><td rowspan="1">1</td></tr></tbody>
<tbody id="t2"><tr><th colspan="4">ChromeTest_TESTNG &#8212; failed (configuration methods)</th></tr><tr class="failedeven"><td rowspan="1">tests.SmartWatch</td><td><a href="#m13">homepagesetup</a></td><td rowspan="1">1574086520564</td><td rowspan="1">1</td></tr><tr><th colspan="4">ChromeTest_TESTNG &#8212; skipped (configuration methods)</th></tr><tr class="skippedeven"><td rowspan="2">tests.SmartWatch</td><td><a href="#m14">fail</a></td><td rowspan="1">1574086520567</td><td rowspan="1">0</td></tr><tr class="skippedeven"><td><a href="#m15">initLogger</a></td><td rowspan="1">1574086520566</td><td rowspan="1">0</td></tr><tr><th colspan="4">ChromeTest_TESTNG &#8212; skipped</th></tr><tr class="skippedeven"><td rowspan="3">tests.SmartWatch</td><td><a href="#m16">cart</a></td><td rowspan="1">1574086520567</td><td rowspan="1">0</td></tr><tr class="skippedeven"><td><a href="#m17">getProfileTest</a></td><td rowspan="1">1574086520566</td><td rowspan="1">0</td></tr><tr class="skippedeven"><td><a href="#m18">selectMobile</a></td><td rowspan="1">1574086520567</td><td rowspan="1">0</td></tr></tbody>
</table>
<h2>FirefoxTest_TESTNG</h2><h3 id="m0">tests.SmartWatch#homepagesetup</h3><table class="result"><tr><th>Exception</th></tr><tr><td><div class="stacktrace">java.lang.NoClassDefFoundError: org/openqa/selenium/WrapsElement
	at org.openqa.selenium.support.pagefactory.DefaultFieldDecorator.proxyForLocator(DefaultFieldDecorator.java:101)
	at org.openqa.selenium.support.pagefactory.DefaultFieldDecorator.decorate(DefaultFieldDecorator.java:62)
	at org.openqa.selenium.support.PageFactory.proxyFields(PageFactory.java:113)
	at org.openqa.selenium.support.PageFactory.initElements(PageFactory.java:105)
	at org.openqa.selenium.support.PageFactory.initElements(PageFactory.java:92)
	at org.openqa.selenium.support.PageFactory.initElements(PageFactory.java:79)
	at org.openqa.selenium.support.PageFactory.initElements(PageFactory.java:65)
	at tests.SmartWatch.homepagesetup(SmartWatch.java:31)
	at java.util.concurrent.FutureTask.run(FutureTask.java:266)
	at java.util.concurrent.ThreadPoolExecutor.runWorker(ThreadPoolExecutor.java:1149)
	at java.util.concurrent.ThreadPoolExecutor$Worker.run(ThreadPoolExecutor.java:624)
	at java.lang.Thread.run(Thread.java:748)
Caused by: java.lang.ClassNotFoundException: org.openqa.selenium.WrapsElement
	at java.net.URLClassLoader.findClass(URLClassLoader.java:382)
	at java.lang.ClassLoader.loadClass(ClassLoader.java:424)
	at sun.misc.Launcher$AppClassLoader.loadClass(Launcher.java:349)
	at java.lang.ClassLoader.loadClass(ClassLoader.java:357)
	... 27 more
... Removed 15 stack frames</div></td></tr></table><p class="totop"><a href="#summary">back to summary</a></p>
<h3 id="m1">tests.SmartWatch#fail</h3><table class="result"><tr><th class="invisible"/></tr></table><p class="totop"><a href="#summary">back to summary</a></p>
<h3 id="m2">tests.SmartWatch#initLogger</h3><table class="result"><tr><th class="invisible"/></tr></table><p class="totop"><a href="#summary">back to summary</a></p>
<h3 id="m3">tests.SmartWatch#cart</h3><table class="result"><tr><th>Exception</th></tr><tr><td><div class="stacktrace">java.lang.Throwable: Method SmartWatch.cart()[pri:0, instance:tests.SmartWatch@80503] depends on not successfully finished methods
	at java.util.concurrent.FutureTask.run(FutureTask.java:266)
	at java.util.concurrent.ThreadPoolExecutor.runWorker(ThreadPoolExecutor.java:1149)
	at java.util.concurrent.ThreadPoolExecutor$Worker.run(ThreadPoolExecutor.java:624)
	at java.lang.Thread.run(Thread.java:748)
... Removed 9 stack frames</div></td></tr></table><p class="totop"><a href="#summary">back to summary</a></p>
<h3 id="m4">tests.SmartWatch#getProfileTest</h3><table class="result"><tr><th>Exception</th></tr><tr><td><div class="stacktrace">java.lang.NoClassDefFoundError: org/openqa/selenium/WrapsElement
	at org.openqa.selenium.support.pagefactory.DefaultFieldDecorator.proxyForLocator(DefaultFieldDecorator.java:101)
	at org.openqa.selenium.support.pagefactory.DefaultFieldDecorator.decorate(DefaultFieldDecorator.java:62)
	at org.openqa.selenium.support.PageFactory.proxyFields(PageFactory.java:113)
	at org.openqa.selenium.support.PageFactory.initElements(PageFactory.java:105)
	at org.openqa.selenium.support.PageFactory.initElements(PageFactory.java:92)
	at org.openqa.selenium.support.PageFactory.initElements(PageFactory.java:79)
	at org.openqa.selenium.support.PageFactory.initElements(PageFactory.java:65)
	at tests.SmartWatch.homepagesetup(SmartWatch.java:31)
	at java.util.concurrent.FutureTask.run(FutureTask.java:266)
	at java.util.concurrent.ThreadPoolExecutor.runWorker(ThreadPoolExecutor.java:1149)
	at java.util.concurrent.ThreadPoolExecutor$Worker.run(ThreadPoolExecutor.java:624)
	at java.lang.Thread.run(Thread.java:748)
Caused by: java.lang.ClassNotFoundException: org.openqa.selenium.WrapsElement
	at java.net.URLClassLoader.findClass(URLClassLoader.java:382)
	at java.lang.ClassLoader.loadClass(ClassLoader.java:424)
	at sun.misc.Launcher$AppClassLoader.loadClass(Launcher.java:349)
	at java.lang.ClassLoader.loadClass(ClassLoader.java:357)
	... 27 more
... Removed 15 stack frames</div></td></tr></table><p class="totop"><a href="#summary">back to summary</a></p>
<h3 id="m5">tests.SmartWatch#selectMobile</h3><table class="result"><tr><th>Exception</th></tr><tr><td><div class="stacktrace">java.lang.Throwable: Method SmartWatch.selectMobile()[pri:0, instance:tests.SmartWatch@80503] depends on not successfully finished methods
	at java.util.concurrent.FutureTask.run(FutureTask.java:266)
	at java.util.concurrent.ThreadPoolExecutor.runWorker(ThreadPoolExecutor.java:1149)
	at java.util.concurrent.ThreadPoolExecutor$Worker.run(ThreadPoolExecutor.java:624)
	at java.lang.Thread.run(Thread.java:748)
... Removed 9 stack frames</div></td></tr></table><p class="totop"><a href="#summary">back to summary</a></p>
<h2>OperaTest_TESTNG</h2><h3 id="m6">tests.SmartWatch#homepagesetup</h3><table class="result"><tr><th>Exception</th></tr><tr><td><div class="stacktrace">java.lang.NoClassDefFoundError: org/openqa/selenium/WrapsElement
	at org.openqa.selenium.support.pagefactory.DefaultFieldDecorator.proxyForLocator(DefaultFieldDecorator.java:101)
	at org.openqa.selenium.support.pagefactory.DefaultFieldDecorator.decorate(DefaultFieldDecorator.java:62)
	at org.openqa.selenium.support.PageFactory.proxyFields(PageFactory.java:113)
	at org.openqa.selenium.support.PageFactory.initElements(PageFactory.java:105)
	at org.openqa.selenium.support.PageFactory.initElements(PageFactory.java:92)
	at org.openqa.selenium.support.PageFactory.initElements(PageFactory.java:79)
	at org.openqa.selenium.support.PageFactory.initElements(PageFactory.java:65)
	at tests.SmartWatch.homepagesetup(SmartWatch.java:31)
	at java.util.concurrent.FutureTask.run(FutureTask.java:266)
	at java.util.concurrent.ThreadPoolExecutor.runWorker(ThreadPoolExecutor.java:1149)
	at java.util.concurrent.ThreadPoolExecutor$Worker.run(ThreadPoolExecutor.java:624)
	at java.lang.Thread.run(Thread.java:748)
... Removed 15 stack frames</div></td></tr></table><p class="totop"><a href="#summary">back to summary</a></p>
<h3 id="m7">tests.SmartWatch#fail</h3><table class="result"><tr><th class="invisible"/></tr></table><p class="totop"><a href="#summary">back to summary</a></p>
<h3 id="m8">tests.SmartWatch#initLogger</h3><table class="result"><tr><th class="invisible"/></tr></table><p class="totop"><a href="#summary">back to summary</a></p>
<h3 id="m9">tests.SmartWatch#release</h3><table class="result"><tr><th class="invisible"/></tr></table><p class="totop"><a href="#summary">back to summary</a></p>
<h3 id="m10">tests.SmartWatch#cart</h3><table class="result"><tr><th>Exception</th></tr><tr><td><div class="stacktrace">java.lang.Throwable: Method SmartWatch.cart()[pri:0, instance:tests.SmartWatch@3dfc5fb8] depends on not successfully finished methods
	at java.util.concurrent.FutureTask.run(FutureTask.java:266)
	at java.util.concurrent.ThreadPoolExecutor.runWorker(ThreadPoolExecutor.java:1149)
	at java.util.concurrent.ThreadPoolExecutor$Worker.run(ThreadPoolExecutor.java:624)
	at java.lang.Thread.run(Thread.java:748)
... Removed 9 stack frames</div></td></tr></table><p class="totop"><a href="#summary">back to summary</a></p>
<h3 id="m11">tests.SmartWatch#getProfileTest</h3><table class="result"><tr><th>Exception</th></tr><tr><td><div class="stacktrace">java.lang.NoClassDefFoundError: org/openqa/selenium/WrapsElement
	at org.openqa.selenium.support.pagefactory.DefaultFieldDecorator.proxyForLocator(DefaultFieldDecorator.java:101)
	at org.openqa.selenium.support.pagefactory.DefaultFieldDecorator.decorate(DefaultFieldDecorator.java:62)
	at org.openqa.selenium.support.PageFactory.proxyFields(PageFactory.java:113)
	at org.openqa.selenium.support.PageFactory.initElements(PageFactory.java:105)
	at org.openqa.selenium.support.PageFactory.initElements(PageFactory.java:92)
	at org.openqa.selenium.support.PageFactory.initElements(PageFactory.java:79)
	at org.openqa.selenium.support.PageFactory.initElements(PageFactory.java:65)
	at tests.SmartWatch.homepagesetup(SmartWatch.java:31)
	at java.util.concurrent.FutureTask.run(FutureTask.java:266)
	at java.util.concurrent.ThreadPoolExecutor.runWorker(ThreadPoolExecutor.java:1149)
	at java.util.concurrent.ThreadPoolExecutor$Worker.run(ThreadPoolExecutor.java:624)
	at java.lang.Thread.run(Thread.java:748)
... Removed 15 stack frames</div></td></tr></table><p class="totop"><a href="#summary">back to summary</a></p>
<h3 id="m12">tests.SmartWatch#selectMobile</h3><table class="result"><tr><th>Exception</th></tr><tr><td><div class="stacktrace">java.lang.Throwable: Method SmartWatch.selectMobile()[pri:0, instance:tests.SmartWatch@3dfc5fb8] depends on not successfully finished methods
	at java.util.concurrent.FutureTask.run(FutureTask.java:266)
	at java.util.concurrent.ThreadPoolExecutor.runWorker(ThreadPoolExecutor.java:1149)
	at java.util.concurrent.ThreadPoolExecutor$Worker.run(ThreadPoolExecutor.java:624)
	at java.lang.Thread.run(Thread.java:748)
... Removed 9 stack frames</div></td></tr></table><p class="totop"><a href="#summary">back to summary</a></p>
<h2>ChromeTest_TESTNG</h2><h3 id="m13">tests.SmartWatch#homepagesetup</h3><table class="result"><tr><th>Exception</th></tr><tr><td><div class="stacktrace">java.lang.NoClassDefFoundError: org/openqa/selenium/WrapsElement
	at org.openqa.selenium.support.pagefactory.DefaultFieldDecorator.proxyForLocator(DefaultFieldDecorator.java:101)
	at org.openqa.selenium.support.pagefactory.DefaultFieldDecorator.decorate(DefaultFieldDecorator.java:62)
	at org.openqa.selenium.support.PageFactory.proxyFields(PageFactory.java:113)
	at org.openqa.selenium.support.PageFactory.initElements(PageFactory.java:105)
	at org.openqa.selenium.support.PageFactory.initElements(PageFactory.java:92)
	at org.openqa.selenium.support.PageFactory.initElements(PageFactory.java:79)
	at org.openqa.selenium.support.PageFactory.initElements(PageFactory.java:65)
	at tests.SmartWatch.homepagesetup(SmartWatch.java:31)
	at java.util.concurrent.FutureTask.run(FutureTask.java:266)
	at java.util.concurrent.ThreadPoolExecutor.runWorker(ThreadPoolExecutor.java:1149)
	at java.util.concurrent.ThreadPoolExecutor$Worker.run(ThreadPoolExecutor.java:624)
	at java.lang.Thread.run(Thread.java:748)
... Removed 15 stack frames</div></td></tr></table><p class="totop"><a href="#summary">back to summary</a></p>
<h3 id="m14">tests.SmartWatch#fail</h3><table class="result"><tr><th class="invisible"/></tr></table><p class="totop"><a href="#summary">back to summary</a></p>
<h3 id="m15">tests.SmartWatch#initLogger</h3><table class="result"><tr><th class="invisible"/></tr></table><p class="totop"><a href="#summary">back to summary</a></p>
<h3 id="m16">tests.SmartWatch#cart</h3><table class="result"><tr><th>Exception</th></tr><tr><td><div class="stacktrace">java.lang.Throwable: Method SmartWatch.cart()[pri:0, instance:tests.SmartWatch@3712b94] depends on not successfully finished methods
	at java.util.concurrent.FutureTask.run(FutureTask.java:266)
	at java.util.concurrent.ThreadPoolExecutor.runWorker(ThreadPoolExecutor.java:1149)
	at java.util.concurrent.ThreadPoolExecutor$Worker.run(ThreadPoolExecutor.java:624)
	at java.lang.Thread.run(Thread.java:748)
... Removed 9 stack frames</div></td></tr></table><p class="totop"><a href="#summary">back to summary</a></p>
<h3 id="m17">tests.SmartWatch#getProfileTest</h3><table class="result"><tr><th>Exception</th></tr><tr><td><div class="stacktrace">java.lang.NoClassDefFoundError: org/openqa/selenium/WrapsElement
	at org.openqa.selenium.support.pagefactory.DefaultFieldDecorator.proxyForLocator(DefaultFieldDecorator.java:101)
	at org.openqa.selenium.support.pagefactory.DefaultFieldDecorator.decorate(DefaultFieldDecorator.java:62)
	at org.openqa.selenium.support.PageFactory.proxyFields(PageFactory.java:113)
	at org.openqa.selenium.support.PageFactory.initElements(PageFactory.java:105)
	at org.openqa.selenium.support.PageFactory.initElements(PageFactory.java:92)
	at org.openqa.selenium.support.PageFactory.initElements(PageFactory.java:79)
	at org.openqa.selenium.support.PageFactory.initElements(PageFactory.java:65)
	at tests.SmartWatch.homepagesetup(SmartWatch.java:31)
	at java.util.concurrent.FutureTask.run(FutureTask.java:266)
	at java.util.concurrent.ThreadPoolExecutor.runWorker(ThreadPoolExecutor.java:1149)
	at java.util.concurrent.ThreadPoolExecutor$Worker.run(ThreadPoolExecutor.java:624)
	at java.lang.Thread.run(Thread.java:748)
... Removed 15 stack frames</div></td></tr></table><p class="totop"><a href="#summary">back to summary</a></p>
<h3 id="m18">tests.SmartWatch#selectMobile</h3><table class="result"><tr><th>Exception</th></tr><tr><td><div class="stacktrace">java.lang.Throwable: Method SmartWatch.selectMobile()[pri:0, instance:tests.SmartWatch@3712b94] depends on not successfully finished methods
	at java.util.concurrent.FutureTask.run(FutureTask.java:266)
	at java.util.concurrent.ThreadPoolExecutor.runWorker(ThreadPoolExecutor.java:1149)
	at java.util.concurrent.ThreadPoolExecutor$Worker.run(ThreadPoolExecutor.java:624)
	at java.lang.Thread.run(Thread.java:748)
... Removed 9 stack frames</div></td></tr></table><p class="totop"><a href="#summary">back to summary</a></p>
</body>
</html>
