<?xml version="1.0" encoding="UTF-8"?>
<testng-results skipped="0" failed="1" ignored="1" total="3" passed="1">
  <reporter-output>
  </reporter-output>
  <suite name="Suite" duration-ms="88477" started-at="2019-11-18T04:17:26Z" finished-at="2019-11-18T04:18:54Z">
    <groups>
    </groups>
    <test name="ChromeTest" duration-ms="88477" started-at="2019-11-18T04:17:26Z" finished-at="2019-11-18T04:18:54Z">
      <class name="tests.Reviews">
        <test-method status="PASS" signature="setUp(java.lang.String)[pri:0, instance:tests.Reviews@4f638935]" name="setUp" is-config="true" duration-ms="15147" started-at="2019-11-18T04:17:26Z" finished-at="2019-11-18T04:17:41Z">
          <params>
            <param index="0">
              <value>
                <![CDATA[Chrome]]>
              </value>
            </param>
          </params>
          <reporter-output>
          </reporter-output>
        </test-method> <!-- setUp -->
        <test-method status="PASS" signature="homepagesetup()[pri:0, instance:tests.Reviews@4f638935]" name="homepagesetup" is-config="true" duration-ms="21" started-at="2019-11-18T04:17:41Z" depends-on-methods="basetest.TestBase.setUp" finished-at="2019-11-18T04:17:41Z">
          <reporter-output>
          </reporter-output>
        </test-method> <!-- homepagesetup -->
        <test-method status="PASS" signature="initLogger()[pri:0, instance:tests.Reviews@4f638935]" name="initLogger" is-config="true" duration-ms="4" started-at="2019-11-18T04:17:41Z" finished-at="2019-11-18T04:17:41Z">
          <reporter-output>
          </reporter-output>
        </test-method> <!-- initLogger -->
        <test-method status="PASS" signature="Login()[pri:0, instance:tests.Reviews@4f638935]" name="Login" duration-ms="19243" started-at="2019-11-18T04:17:41Z" finished-at="2019-11-18T04:18:00Z">
          <reporter-output>
          </reporter-output>
        </test-method> <!-- Login -->
        <test-method status="PASS" signature="fail(org.testng.ITestResult)[pri:0, instance:tests.Reviews@4f638935]" name="fail" is-config="true" duration-ms="1" started-at="2019-11-18T04:18:00Z" finished-at="2019-11-18T04:18:00Z">
          <params>
            <param index="0">
              <value>
                <![CDATA[[TestResult name=Login status=SUCCESS method=Reviews.Login()[pri:0, instance:tests.Reviews@4f638935] output={null}]]]>
              </value>
            </param>
          </params>
          <reporter-output>
          </reporter-output>
        </test-method> <!-- fail -->
        <test-method status="FAIL" signature="Menu()[pri:0, instance:tests.Reviews@4f638935]" name="Menu" duration-ms="53543" started-at="2019-11-18T04:18:00Z" depends-on-methods="tests.Reviews.Login" finished-at="2019-11-18T04:18:54Z">
          <exception class="org.openqa.selenium.NoSuchElementException">
            <message>
              <![CDATA[no such element: Unable to locate element: {"method":"xpath","selector":"//button[@class='ryp__star__button'][5]"}
  (Session info: chrome=78.0.3904.97)
For documentation on this error, please visit: https://www.seleniumhq.org/exceptions/no_such_element.html
Build info: version: 'unknown', revision: 'unknown', time: 'unknown'
System info: host: 'EPINHYDW1414', ip: '10.71.12.253', os.name: 'Windows 10', os.arch: 'amd64', os.version: '10.0', java.version: '1.8.0_202'
Driver info: org.openqa.selenium.chrome.ChromeDriver
Capabilities {acceptInsecureCerts: false, browserName: chrome, browserVersion: 78.0.3904.97, chrome: {chromedriverVersion: 78.0.3904.70 (edb9c9f3de024..., userDataDir: C:\Users\MONIKA~1\AppData\L...}, goog:chromeOptions: {debuggerAddress: localhost:62973}, javascriptEnabled: true, networkConnectionEnabled: false, pageLoadStrategy: normal, platform: XP, platformName: XP, proxy: Proxy(), setWindowRect: true, strictFileInteractability: false, timeouts: {implicit: 0, pageLoad: 300000, script: 30000}, unhandledPromptBehavior: dismiss and notify}
Session ID: 3456f8d3a043a6161820f52416a402e0
*** Element info: {Using=xpath, value=//button[@class='ryp__star__button'][5]}]]>
            </message>
            <full-stacktrace>
              <![CDATA[org.openqa.selenium.NoSuchElementException: no such element: Unable to locate element: {"method":"xpath","selector":"//button[@class='ryp__star__button'][5]"}
  (Session info: chrome=78.0.3904.97)
For documentation on this error, please visit: https://www.seleniumhq.org/exceptions/no_such_element.html
Build info: version: 'unknown', revision: 'unknown', time: 'unknown'
System info: host: 'EPINHYDW1414', ip: '10.71.12.253', os.name: 'Windows 10', os.arch: 'amd64', os.version: '10.0', java.version: '1.8.0_202'
Driver info: org.openqa.selenium.chrome.ChromeDriver
Capabilities {acceptInsecureCerts: false, browserName: chrome, browserVersion: 78.0.3904.97, chrome: {chromedriverVersion: 78.0.3904.70 (edb9c9f3de024..., userDataDir: C:\Users\MONIKA~1\AppData\L...}, goog:chromeOptions: {debuggerAddress: localhost:62973}, javascriptEnabled: true, networkConnectionEnabled: false, pageLoadStrategy: normal, platform: XP, platformName: XP, proxy: Proxy(), setWindowRect: true, strictFileInteractability: false, timeouts: {implicit: 0, pageLoad: 300000, script: 30000}, unhandledPromptBehavior: dismiss and notify}
Session ID: 3456f8d3a043a6161820f52416a402e0
*** Element info: {Using=xpath, value=//button[@class='ryp__star__button'][5]}
at sun.reflect.NativeConstructorAccessorImpl.newInstance0(Native Method)
at sun.reflect.NativeConstructorAccessorImpl.newInstance(Unknown Source)
at sun.reflect.DelegatingConstructorAccessorImpl.newInstance(Unknown Source)
at java.lang.reflect.Constructor.newInstance(Unknown Source)
at org.openqa.selenium.remote.http.W3CHttpResponseCodec.createException(W3CHttpResponseCodec.java:187)
at org.openqa.selenium.remote.http.W3CHttpResponseCodec.decode(W3CHttpResponseCodec.java:122)
at org.openqa.selenium.remote.http.W3CHttpResponseCodec.decode(W3CHttpResponseCodec.java:49)
at org.openqa.selenium.remote.HttpCommandExecutor.execute(HttpCommandExecutor.java:158)
at org.openqa.selenium.remote.service.DriverCommandExecutor.execute(DriverCommandExecutor.java:83)
at org.openqa.selenium.remote.RemoteWebDriver.execute(RemoteWebDriver.java:552)
at org.openqa.selenium.remote.RemoteWebDriver.findElement(RemoteWebDriver.java:323)
at org.openqa.selenium.remote.RemoteWebDriver.findElementByXPath(RemoteWebDriver.java:428)
at org.openqa.selenium.By$ByXPath.findElement(By.java:353)
at org.openqa.selenium.remote.RemoteWebDriver.findElement(RemoteWebDriver.java:315)
at org.openqa.selenium.support.pagefactory.DefaultElementLocator.findElement(DefaultElementLocator.java:69)
at org.openqa.selenium.support.pagefactory.internal.LocatingElementHandler.invoke(LocatingElementHandler.java:38)
at com.sun.proxy.$Proxy12.isEnabled(Unknown Source)
at pages.AddReview.getItems(AddReview.java:94)
at tests.Reviews.Menu(Reviews.java:70)
at sun.reflect.NativeMethodAccessorImpl.invoke0(Native Method)
at sun.reflect.NativeMethodAccessorImpl.invoke(Unknown Source)
at sun.reflect.DelegatingMethodAccessorImpl.invoke(Unknown Source)
at java.lang.reflect.Method.invoke(Unknown Source)
at org.testng.internal.MethodInvocationHelper.invokeMethod(MethodInvocationHelper.java:124)
at org.testng.internal.Invoker.invokeMethod(Invoker.java:583)
at org.testng.internal.Invoker.invokeTestMethod(Invoker.java:719)
at org.testng.internal.Invoker.invokeTestMethods(Invoker.java:989)
at org.testng.internal.TestMethodWorker.invokeTestMethods(TestMethodWorker.java:125)
at org.testng.internal.TestMethodWorker.run(TestMethodWorker.java:109)
at org.testng.TestRunner.privateRun(TestRunner.java:648)
at org.testng.TestRunner.run(TestRunner.java:505)
at org.testng.SuiteRunner.runTest(SuiteRunner.java:455)
at org.testng.SuiteRunner.access$000(SuiteRunner.java:40)
at org.testng.SuiteRunner$SuiteWorker.run(SuiteRunner.java:489)
at org.testng.internal.thread.ThreadUtil$1.call(ThreadUtil.java:52)
at java.util.concurrent.FutureTask.run(Unknown Source)
at java.util.concurrent.ThreadPoolExecutor.runWorker(Unknown Source)
at java.util.concurrent.ThreadPoolExecutor$Worker.run(Unknown Source)
at java.lang.Thread.run(Unknown Source)
]]>
            </full-stacktrace>
          </exception> <!-- org.openqa.selenium.NoSuchElementException -->
          <reporter-output>
          </reporter-output>
        </test-method> <!-- Menu -->
        <test-method status="PASS" signature="fail(org.testng.ITestResult)[pri:0, instance:tests.Reviews@4f638935]" name="fail" is-config="true" duration-ms="495" started-at="2019-11-18T04:18:54Z" finished-at="2019-11-18T04:18:54Z">
          <params>
            <param index="0">
              <value>
                <![CDATA[[TestResult name=Menu status=FAILURE method=Reviews.Menu()[pri:0, instance:tests.Reviews@4f638935] output={null}]]]>
              </value>
            </param>
          </params>
          <reporter-output>
          </reporter-output>
        </test-method> <!-- fail -->
        <test-method status="PASS" signature="tearDown()[pri:0, instance:tests.Reviews@4f638935]" name="tearDown" is-config="true" duration-ms="0" started-at="2019-11-18T04:18:54Z" finished-at="2019-11-18T04:18:54Z">
          <reporter-output>
          </reporter-output>
        </test-method> <!-- tearDown -->
        <test-method status="PASS" signature="release()[pri:0, instance:tests.Reviews@4f638935]" name="release" is-config="true" duration-ms="189" started-at="2019-11-18T04:18:54Z" depends-on-methods="basetest.TestBase.tearDown" finished-at="2019-11-18T04:18:55Z">
          <reporter-output>
          </reporter-output>
        </test-method> <!-- release -->
      </class> <!-- tests.Reviews -->
    </test> <!-- ChromeTest -->
  </suite> <!-- Suite -->
</testng-results>
