<?xml version="1.0" encoding="UTF-8"?>
<!-- Generated by org.testng.reporters.JUnitReportReporter -->
<testsuite skipped="0" hostname="EPINHYDW1414" name="tests.LikesAndTweetsTest" tests="1" failures="0" timestamp="29 Oct 2019 12:19:15 GMT" time="3.960" errors="1">
  <testcase name="setUp" time="3.960" classname="tests.LikesAndTweetsTest">
    <error type="org.openqa.selenium.SessionNotCreatedException" message="session not created: This version of ChromeDriver only supports Chrome version 76
Build info: version: &#039;3.141.59&#039;, revision: &#039;e82be7d358&#039;, time: &#039;2018-11-14T08:17:03&#039;
System info: host: &#039;EPINHYDW1414&#039;, ip: &#039;10.71.12.253&#039;, os.name: &#039;Windows 10&#039;, os.arch: &#039;amd64&#039;, os.version: &#039;10.0&#039;, java.version: &#039;1.8.0_202&#039;
Driver info: driver.version: ChromeDriver
remote stacktrace: Backtrace:
	Ordinal0 [0x00E17C93+1473683]
	Ordinal0 [0x00D9ADB1+961969]
	Ordinal0 [0x00D242E3+475875]
	Ordinal0 [0x00CBF365+62309]
	Ordinal0 [0x00CBBC77+48247]
	Ordinal0 [0x00CD9149+168265]
	Ordinal0 [0x00CD8D1D+167197]
	Ordinal0 [0x00CD742B+160811]
	Ordinal0 [0x00CC0AE6+68326]
	Ordinal0 [0x00CC1BF0+72688]
	Ordinal0 [0x00CC1B89+72585]
	Ordinal0 [0x00DB4B77+1067895]
	GetHandleVerifier [0x00EB6875+506677]
	GetHandleVerifier [0x00EB6610+506064]
	GetHandleVerifier [0x00EBD1B8+533624]
	GetHandleVerifier [0x00EB704A+508682]
	Ordinal0 [0x00DAC266+1032806]
	Ordinal0 [0x00DAC0DF+1032415]
	Ordinal0 [0x00DB6A8B+1075851]
	Ordinal0 [0x00DB6BF3+1076211]
	Ordinal0 [0x00DB5BA5+1072037]
	BaseThreadInitThunk [0x75FA6359+25]
	RtlGetAppContainerNamedObjectPath [0x77B57B74+228]
	RtlGetAppContainerNamedObjectPath [0x77B57B44+180]
">
      <![CDATA[org.openqa.selenium.SessionNotCreatedException: session not created: This version of ChromeDriver only supports Chrome version 76
Build info: version: '3.141.59', revision: 'e82be7d358', time: '2018-11-14T08:17:03'
System info: host: 'EPINHYDW1414', ip: '10.71.12.253', os.name: 'Windows 10', os.arch: 'amd64', os.version: '10.0', java.version: '1.8.0_202'
Driver info: driver.version: ChromeDriver
remote stacktrace: Backtrace:
Ordinal0 [0x00E17C93+1473683]
Ordinal0 [0x00D9ADB1+961969]
Ordinal0 [0x00D242E3+475875]
Ordinal0 [0x00CBF365+62309]
Ordinal0 [0x00CBBC77+48247]
Ordinal0 [0x00CD9149+168265]
Ordinal0 [0x00CD8D1D+167197]
Ordinal0 [0x00CD742B+160811]
Ordinal0 [0x00CC0AE6+68326]
Ordinal0 [0x00CC1BF0+72688]
Ordinal0 [0x00CC1B89+72585]
Ordinal0 [0x00DB4B77+1067895]
GetHandleVerifier [0x00EB6875+506677]
GetHandleVerifier [0x00EB6610+506064]
GetHandleVerifier [0x00EBD1B8+533624]
GetHandleVerifier [0x00EB704A+508682]
Ordinal0 [0x00DAC266+1032806]
Ordinal0 [0x00DAC0DF+1032415]
Ordinal0 [0x00DB6A8B+1075851]
Ordinal0 [0x00DB6BF3+1076211]
Ordinal0 [0x00DB5BA5+1072037]
BaseThreadInitThunk [0x75FA6359+25]
RtlGetAppContainerNamedObjectPath [0x77B57B74+228]
RtlGetAppContainerNamedObjectPath [0x77B57B44+180]

at sun.reflect.NativeConstructorAccessorImpl.newInstance0(Native Method)
at sun.reflect.NativeConstructorAccessorImpl.newInstance(Unknown Source)
at sun.reflect.DelegatingConstructorAccessorImpl.newInstance(Unknown Source)
at java.lang.reflect.Constructor.newInstance(Unknown Source)
at org.openqa.selenium.remote.W3CHandshakeResponse.lambda$errorHandler$0(W3CHandshakeResponse.java:62)
at org.openqa.selenium.remote.HandshakeResponse.lambda$getResponseFunction$0(HandshakeResponse.java:30)
at org.openqa.selenium.remote.ProtocolHandshake.lambda$createSession$0(ProtocolHandshake.java:126)
at java.util.stream.ReferencePipeline$3$1.accept(Unknown Source)
at java.util.Spliterators$ArraySpliterator.tryAdvance(Unknown Source)
at java.util.stream.ReferencePipeline.forEachWithCancel(Unknown Source)
at java.util.stream.AbstractPipeline.copyIntoWithCancel(Unknown Source)
at java.util.stream.AbstractPipeline.copyInto(Unknown Source)
at java.util.stream.AbstractPipeline.wrapAndCopyInto(Unknown Source)
at java.util.stream.FindOps$FindOp.evaluateSequential(Unknown Source)
at java.util.stream.AbstractPipeline.evaluate(Unknown Source)
at java.util.stream.ReferencePipeline.findFirst(Unknown Source)
at org.openqa.selenium.remote.ProtocolHandshake.createSession(ProtocolHandshake.java:128)
at org.openqa.selenium.remote.ProtocolHandshake.createSession(ProtocolHandshake.java:74)
at org.openqa.selenium.remote.HttpCommandExecutor.execute(HttpCommandExecutor.java:136)
at org.openqa.selenium.remote.service.DriverCommandExecutor.execute(DriverCommandExecutor.java:83)
at org.openqa.selenium.remote.RemoteWebDriver.execute(RemoteWebDriver.java:552)
at org.openqa.selenium.remote.RemoteWebDriver.startSession(RemoteWebDriver.java:213)
at org.openqa.selenium.remote.RemoteWebDriver.<init>(RemoteWebDriver.java:131)
at org.openqa.selenium.chrome.ChromeDriver.<init>(ChromeDriver.java:181)
at org.openqa.selenium.chrome.ChromeDriver.<init>(ChromeDriver.java:168)
at org.openqa.selenium.chrome.ChromeDriver.<init>(ChromeDriver.java:123)
at basetest.TestBase.setUp(TestBase.java:29)
at sun.reflect.NativeMethodAccessorImpl.invoke0(Native Method)
at sun.reflect.NativeMethodAccessorImpl.invoke(Unknown Source)
at sun.reflect.DelegatingMethodAccessorImpl.invoke(Unknown Source)
at java.lang.reflect.Method.invoke(Unknown Source)
at org.testng.internal.MethodInvocationHelper.invokeMethod(MethodInvocationHelper.java:124)
at org.testng.internal.MethodInvocationHelper.invokeMethodConsideringTimeout(MethodInvocationHelper.java:59)
at org.testng.internal.Invoker.invokeConfigurationMethod(Invoker.java:458)
at org.testng.internal.Invoker.invokeConfigurations(Invoker.java:222)
at org.testng.internal.Invoker.invokeConfigurations(Invoker.java:142)
at org.testng.SuiteRunner.privateRun(SuiteRunner.java:401)
at org.testng.SuiteRunner.run(SuiteRunner.java:364)
at org.testng.SuiteRunnerWorker.runSuite(SuiteRunnerWorker.java:52)
at org.testng.SuiteRunnerWorker.run(SuiteRunnerWorker.java:84)
at org.testng.TestNG.runSuitesSequentially(TestNG.java:1208)
at org.testng.TestNG.runSuitesLocally(TestNG.java:1137)
at org.testng.TestNG.runSuites(TestNG.java:1049)
at org.testng.TestNG.run(TestNG.java:1017)
at org.testng.remote.AbstractRemoteTestNG.run(AbstractRemoteTestNG.java:115)
at org.testng.remote.RemoteTestNG.initAndRun(RemoteTestNG.java:251)
at org.testng.remote.RemoteTestNG.main(RemoteTestNG.java:77)
]]>
    </error>
  </testcase> <!-- setUp -->
</testsuite> <!-- tests.LikesAndTweetsTest -->
